============================= test session starts ==============================
platform darwin -- Python 3.13.7, pytest-9.0.2, pluggy-1.6.0
rootdir: /Users/live/Documents/GITHUB_PROJECTS/proxmox_florin_server/.worktrees/ws-0294-live-apply
configfile: pytest.ini
collected 48 items

tests/test_rag_context_runtime_role.py ...................               [ 39%]
tests/test_openbao_compose_env_helper.py ...                             [ 45%]
tests/test_ollama_runtime_role.py ........                               [ 62%]
tests/test_jupyterhub_runtime_role.py ......                             [ 75%]
tests/test_rag_context_playbook.py .                                     [ 77%]
tests/test_docker_runtime_role.py ...........                            [100%]

============================== 48 passed in 2.29s ==============================
